HW03/Chat-Client-Oneway/app/build/intermediates/manifest_merge_blame_file/debug/manifest-merger-blame-debug-report.txt
1<?xml version="1.0" encoding="utf-8"?>
2<manifest xmlns:android="http://schemas.android.com/apk/res/android"
3    package="edu.stevens.cs522.chatclient"
4    android:versionCode="1"
5    android:versionName="1.0" >
6
7    <uses-sdk
8        android:minSdkVersion="26"
9        android:targetSdkVersion="34" />
10
11    <uses-permission android:name="android.permission.INTERNET" />
11-->src\main\AndroidManifest.xml:4:5-67
11-->src\main\AndroidManifest.xml:4:22-64
12    <uses-permission android:name="android.permission.ACCESS_NETWORK_STATE" />
12-->src\main\AndroidManifest.xml:5:5-79
12-->src\main\AndroidManifest.xml:5:22-76
13    <uses-permission android:name="android.permission.READ_EXTERNAL_STORAGE" />
13-->src\main\AndroidManifest.xml:6:5-80
13-->src\main\AndroidManifest.xml:6:22-77
14    <uses-permission android:name="android.permission.READ_SMS" />
14-->[cs522-library.aar] AndroidManifest.xml:9:5-67
14-->[cs522-library.aar] AndroidManifest.xml:9:22-64
15    <uses-permission android:name="android.permission.RECEIVE_SMS" />
15-->[cs522-library.aar] AndroidManifest.xml:10:5-70
15-->[cs522-library.aar] AndroidManifest.xml:10:22-67
16    <uses-permission android:name="android.permission.SEND_SMS" /> <!-- Required for receiving MMS -->
16-->[cs522-library.aar] AndroidManifest.xml:11:5-67
16-->[cs522-library.aar] AndroidManifest.xml:11:22-64
17    <!-- <uses-permission android:name="android.permission.RECEIVE_MMS" /> -->
18    <!-- <uses-permission android:name="android.permission.RECEIVE_WAP_PUSH" /> -->
19    <uses-permission android:name="android.permission.WAKE_LOCK" />
19-->[cs522-library.aar] AndroidManifest.xml:17:5-68
19-->[cs522-library.aar] AndroidManifest.xml:17:22-65
20
21    <application
21-->src\main\AndroidManifest.xml:8:5-22:19
22        android:allowBackup="true"
22-->src\main\AndroidManifest.xml:9:9-35
23        android:debuggable="true"
24        android:extractNativeLibs="false"
25        android:icon="@mipmap/ic_launcher"
25-->src\main\AndroidManifest.xml:10:9-43
26        android:label="@string/app_name"
26-->src\main\AndroidManifest.xml:11:9-41
27        android:roundIcon="@mipmap/ic_launcher_round"
27-->[cs522-library.aar] AndroidManifest.xml:23:9-54
28        android:supportsRtl="true"
28-->src\main\AndroidManifest.xml:12:9-35
29        android:testOnly="true"
30        android:theme="@style/AppTheme" >
30-->[cs522-library.aar] AndroidManifest.xml:25:9-40
31        <activity
31-->src\main\AndroidManifest.xml:13:9-21:20
32            android:name="edu.stevens.cs522.chatclient.activities.ChatClientActivity"
32-->src\main\AndroidManifest.xml:14:13-58
33            android:exported="true" >
33-->src\main\AndroidManifest.xml:15:13-36
34            <intent-filter>
34-->src\main\AndroidManifest.xml:16:13-20:29
35                <action android:name="android.intent.action.MAIN" />
35-->src\main\AndroidManifest.xml:17:17-69
35-->src\main\AndroidManifest.xml:17:25-66
36
37                <category android:name="android.intent.category.LAUNCHER" />
37-->src\main\AndroidManifest.xml:19:17-77
37-->src\main\AndroidManifest.xml:19:27-74
38            </intent-filter>
39        </activity>
40
41        <receiver
41-->[cs522-library.aar] AndroidManifest.xml:26:9-38:20
42            android:name="edu.stevens.cs522.base.sms.ChatMessageReceiver"
42-->[cs522-library.aar] AndroidManifest.xml:27:13-74
43            android:enabled="true"
43-->[cs522-library.aar] AndroidManifest.xml:28:13-35
44            android:exported="true" >
44-->[cs522-library.aar] AndroidManifest.xml:29:13-36
45            <intent-filter>
45-->[cs522-library.aar] AndroidManifest.xml:30:13-37:29
46                <action android:name="android.provider.Telephony.SMS_RECEIVED" />
46-->[cs522-library.aar] AndroidManifest.xml:31:17-82
46-->[cs522-library.aar] AndroidManifest.xml:31:25-79
47                <action android:name="android.provider.Telephony.SMS_DELIVER" />
47-->[cs522-library.aar] AndroidManifest.xml:32:17-81
47-->[cs522-library.aar] AndroidManifest.xml:32:25-78
48
49                <!-- Required for MMS receiver -->
50                <!-- <action android:name="android.provider.Telephony.WAP_PUSH_DELIVER" /> -->
51                <!-- <data android:mimeType="application/vnd.wap.mms-message" /> -->
52            </intent-filter>
53        </receiver>
54
55        <service
55-->[cs522-library.aar] AndroidManifest.xml:40:9-43:40
56            android:name="edu.stevens.cs522.base.work.WorkIntentService"
56-->[cs522-library.aar] AndroidManifest.xml:41:13-73
57            android:enabled="true"
57-->[cs522-library.aar] AndroidManifest.xml:42:13-35
58            android:exported="false" />
58-->[cs522-library.aar] AndroidManifest.xml:43:13-37
59    </application>
60
61</manifest>